Here’s a very short “golfed” Python implementation (all local names are prefixed by `val_` as requested, no imports, single‐statement body):

```python
def p(g):
    val_r=g[-1]
    val_c=min({*val_r}-{0},key=val_r.count)
    val_s=[i for i,v in enumerate(val_r) if v==val_c]
    val_a,val_b=val_s[0],val_s[-1]
    val_t=len(g)-2; val_w=len(g[0])
    for val_i in range(1,len(g)):
        val_y=val_t-val_i
        if val_y<0: break
        for val_x in (val_a-val_i,val_b+val_i):
            if 0<=val_x<val_w and g[val_y][val_x]==0:
                g[val_y][val_x]=val_c
    return g
```

Explanation of the steps:

1. Extract the bottom row as `val_r`.
2. Find the unique non‐zero color `val_c` in that row which occurs least (that picks out the “central” color).
3. Collect all column indices `val_s` where `val_r` equals `val_c`, then let `val_a,val_b` be its first/last indices.
4. Starting just above the top of the bottom band (row index `val_t=len(g)-2`), march upward (`val_i=1,2,…`) and for each step compute two diagonal targets `(val_a−val_i, val_y)` and `(val_b+val_i, val_y)`.  
5. If those are in‐bounds and currently zero, color them with `val_c`.  
6. Stop once you go off the top (`val_y<0`).  

This reproduces exactly the inverted‐triangle overlay shown in all the examples.