Here’s a fully‐self‐contained “code‐golf” style solution.  It finds the unique multi-colored connected component (“motif”), records its shape (with offsets and colors), then “stamps” that motif at every other occurrence of any of its colors (aligning the motif’s own seed pixel of that color with the target pixel).  All auxiliary names are prefixed with `val_`, no needless imports, and line‐breaks are kept to a minimum:

```python
def p(g):
    # dims
    val_h,val_w=len(g),len(g[0])
    # background is the most frequent color
    vals=[c for r in g for c in r]
    val_BG=max(set(vals),key=vals.count)
    # mark & collect all non‐BG components
    val_vis=[[0]*val_w for _ in range(val_h)]
    val_comps=[]
    for i in range(val_h):
        for j in range(val_w):
            if g[i][j]!=val_BG and not val_vis[i][j]:
                val_stack=[(i,j)];val_vis[i][j]=1;val_comp=[]
                while val_stack:
                    x,y=val_stack.pop();val_comp.append((x,y))
                    for dx,dy in((1,0),(-1,0),(0,1),(0,-1)):
                        u,v=x+dx,y+dy
                        if 0<=u<val_h and 0<=v<val_w and not val_vis[u][v] and g[u][v]!=val_BG:
                            val_vis[u][v]=1;val_stack.append((u,v))
                val_comps.append(val_comp)
    # pick the one comp whose colors>1 ⇒ our motif
    for val_comp in val_comps:
        val_cols={g[x][y] for x,y in val_comp}
        if len(val_cols)>1:
            break
    # bbox of motif
    val_rs=[x for x,y in val_comp];val_cs=[y for x,y in val_comp]
    val_r0,val_c0=min(val_rs),min(val_cs)
    # record shape = (dr,dc,color)
    val_shape=[(x-val_r0,y-val_c0,g[x][y]) for x,y in val_comp]
    # group shape‐cells by their color ⇒ seeds
    val_seeds={}
    for dr,dc,v in val_shape:
        val_seeds.setdefault(v,[]).append((dr,dc))
    # for each seed‐color, stamp motif at every OTHER occurrence of that color
    for v,pts in val_seeds.items():
        # within motif, the “origin” offset for this color is its minimal (dr,dc)
        od=min(pts)
        odx,ody=od
        for i in range(val_h):
            for j in range(val_w):
                if g[i][j]==v and (i-val_r0,j-val_c0,v) not in val_shape:
                    # compute placement origin
                    Dx,Ky=i-odx,j-ody
                    # paint every cell of motif
                    for dr,dc,w in val_shape:
                        g[Dx+dr][Ky+dc]=w
    return g
```

Explanation in brief:

1. Find the global background (color with maximal count).
2. Flood‐fill all non‐background components and choose the one whose set of colors has size > 1 (our “motif”).
3. Compute its minimal bounding box and record, for every cell in it, the offset (dr,dc) and its color.
4. Group the motif cells by color ⇒ each color in the motif has one or more “seed” offsets within the motif.
5. For each such color, look for every other pixel in the grid of that same color (excluding those already in the motif) and “stamp” the entire motif, aligning each motif‐seed of color v to that pixel.
6. Return the modified grid.