```python
def p(g):
    val_h,len_=len(g),len(g[0]);val_v=[[0]*len_for _ in g];val_C=[]
    for val_i in range(val_h):
        for val_j in range(len_):
            if g[val_i][val_j]==3 and not val_v[val_i][val_j]:
                val_q=[(val_i,val_j)];val_v[val_i][val_j]=1
                for val_x,val_y in val_q:
                    for val_dx,val_dy in((1,0),(-1,0),(0,1),(0,-1)):
                        val_nx,val_ny=val_x+val_dx,val_y+val_dy
                        if 0<=val_nx<val_h and 0<=val_ny<len_ and g[val_nx][val_ny]==3 and not val_v[val_nx][val_ny]:
                            val_v[val_nx][val_ny]=1;val_q.append((val_nx,val_ny))
                val_C.append(val_q)
    val_sz=sorted({len(q) for q in val_C});val_M={s:c for s,c in zip(val_sz,(1,2,6))}
    for val_q in val_C:
        for val_x,val_y in val_q: g[val_x][val_y]=val_M[len(val_q)]
    return g
```

Explanation of the rule (briefly):  
1. Find all 4‐connected components of color 3 in the grid.  
2. Record each component’s size (number of cells).  
3. Sort the unique sizes ascending and map them to the output colors 1, 2, 6 in that order (smallest→1, middle→2, largest→6).  
4. Recolor each original 3‐cell in a component with its component’s assigned color.