Here’s a fully‐golfed single‐function solution that
1) finds the all‐zero “separator” rows/columns,
2) cuts the grid into the 4 blocks,
3) picks the one whose dominant nonzero color is unique among the four, and
4) returns that block as-is.

```python
def p(g):
 val_z=[i for i,r in enumerate(g) if all(x==0 for x in r)]
 b,z=val_z[0],val_z[-1]+1
 n,m=len(g),len(g[0])
 val_c=[j for j in range(m) if all(r[j]==0 for r in g)]
 e,E=val_c[0],val_c[-1]+1
 val_Q=[[[g[i][j]for j in range(c0,c1)]for i in range(r0,r1)]
        for r0,r1 in((0,b),(z,n)) for c0,c1 in((0,e),(E,m))]
 val_d=[max(set(L:=[v for row in Q for v in row if v]),key=L.count)
        for Q in val_Q]
 v=[x for x in set(val_d) if val_d.count(x)==1][0]
 return val_Q[val_d.index(v)]
```

Explanation of key steps:

1. **Separate**  
   Find all–zero rows (`val_z`) and columns (`val_c`).  
   Let the top block run `0..b-1`, bottom `z..n-1`, left `0..e-1`, right `E..m-1`.

2. **Split**  
   Build `val_Q`, the list of the four quadrants in row–major order:  
   ```
     (top,left), (top,right)
     (bot,left), (bot,right)
   ```

3. **Identify**  
   For each quadrant Q, flatten out the nonzero values into `L` and pick its most frequent color by `max(set(L),key=L.count)`.

4. **Select**  
   Whichever color appears in exactly one quadrant is the “odd‐one‐out.”  We return that quadrant.