Here’s a very short “golfed” Python solution that looks for every pair of adjacent 3–pixels, computes the direction between them, and then extends that little 3–segment by one cell in both directions, painting any empty (0) cell it lands on with an 8.  It uses only one loop nest and no imports.  All temporary names start with `val_`:

```python
def p(g):
    val_H,val_W=len(g),len(g[0])
    val_D=[(-1,0),(1,0),(0,-1),(0,1),(-1,-1),(1,1),(-1,1),(1,-1)]
    for val_i in range(val_H):
        for val_j in range(val_W):
            if g[val_i][val_j]==3:
                for val_dx,val_dy in val_D:
                    val_ni,val_nj=val_i+val_dx,val_j+val_dy
                    if 0<=val_ni<val_H and 0<=val_nj<val_W and g[val_ni][val_nj]==3:
                        for val_sgn in(-1,1):
                            val_r,val_c=val_i-val_dx*val_sgn,val_j-val_dy*val_sgn
                            if 0<=val_r<val_H and 0<=val_c<val_W and g[val_r][val_c]==0:
                                g[val_r][val_c]=8
    return g
```

Explanation of the core idea:

1. We walk every cell `(i,j)`.  
2. Whenever we see a `3`, we look in all 8 neighbors to see if one of them is also a `3`.  If so we have located a unit–length “3–segment.”  
3. We take the vector `(dx,dy)` from `(i,j)` to that neighbor, and extend one more step in both the “forward” and “backward” direction along that line (i.e. by `±(dx,dy)`).  
4. Whenever the extended cell is inside the grid and currently `0`, we paint it `8`.  

This exactly matches all the examples: each little 3–segment is extended by one on both ends, and those two new cells become 8’s.