Here’s a one‐liner (semicolons instead of newlines) that follows the spec.  It finds the 2×2 “cluster” of nonzero/non-2 cells around the 2 in the 3×3, computes its bounding box, reflects it through the center, scales each rectangle by 4→4×4 blocks, and paints them in a fresh 9×9 of zeros:

```python
def p(val_g):
    val_C=max(map(max,val_g))
    val_x=[i for i,r in enumerate(val_g) for v in r if v==val_C]
    val_y=[j for r in val_g for j,v in enumerate(r) if v==val_C]
    val_m,val_M,val_n,val_N=min(val_x),max(val_x),min(val_y),max(val_y)
    val_L=[(val_m,val_M,val_n,val_N),(2-val_M,2-val_m,2-val_N,2-val_n)]
    val_h=[[0]*9 for _ in[0]*9]
    for val_a,val_b,val_c,val_d in val_L:
        for val_i in range(val_a*4,(val_b+1)*4):
            for val_j in range(val_c*4,(val_d+1)*4):
                val_h[val_i][val_j]=val_C
    return val_h
```

Explanation of the main steps:

1. **Find the cluster color** `val_C` as the maximum value in the 3×3 (since 0’s and the center‐2 are lower).  
2. **Collect its coordinates** `(val_x, val_y)` in lists, then `min`/`max` → `(val_m,val_M)` and `(val_n,val_N)` are the bounds of that 2×2 area.  
3. **Build two rectangles** in `val_L`: the original bounding box and its reflection through the center of the 3×3.  
4. **Scale** each rectangle by 4 (a single input cell → 4×4 block) in the 9×9 output, painting them with `val_C`.

This matches all of the examples: you get exactly two 4×4 blocks of the cluster‐color placed in the indicated quadrants of a 9×9 grid.