Here’s a fully‐working, code-golfed routine that discovers the background as the most common color, finds the (integer) center, gathers all non-background cells by their offset from that center, then builds the minimal odd square that carries exactly those offsets back in:

```python
def p(val_g):
    # find background = most frequent color
    val_bg = max({c for r in val_g for c in r},
                 key=lambda c: sum(row.count(c) for row in val_g))
    # dims and integer center
    val_h, val_w = len(val_g), len(val_g[0])
    val_cy, val_cx = val_h//2, val_w//2
    # collect all non-bg cells with their offsets
    val_ds = [(y - val_cy, x - val_cx, val_g[y][x])
              for y in range(val_h) for x in range(val_w)
              if val_g[y][x] != val_bg]
    if not val_ds:
        return [[val_bg]]
    # radius = max distance in either direction
    val_K = max(max(abs(dy), abs(dx)) for dy,dx,_ in val_ds)
    # build & fill
    val_o = [[val_bg] * (2*val_K+1) for _ in range(2*val_K+1)]
    for dy, dx, c in val_ds:
        val_o[dy+val_K][dx+val_K] = c
    return val_o
```

Explanation of the key steps:

1. **Background** is taken as the color occurring most often.
2. We pick an integer **center** at `(h//2,w//2)`; this choice consistently “lines up” all four quadrants.
3. We record every non-background cell by its offset `(dy,dx)` from that center.
4. The side length of the output is `2*K+1` where `K` is the maximum absolute offset seen.
5. We initialize an all-bg square of size `(2*K+1)` and then “un-shift” each recorded cell back into it.
6. The result is always an odd square, reproducing exactly the little rotationally symmetric motif hidden in the big input.