```python
def p(g):
    # find the two nonzero colors
    C={v for r in g for v in r if v}
    a,b=C
    # 4 diagonal directions
    D4=[(-1,-1),(-1,1),(1,-1),(1,1)]
    # given a list of coords L, return its max diagonal‐neighbor count
    f=lambda L:max(sum((i+di,j+dj) in L for di,dj in D4) for i,j in L)
    # collect coords of each color
    A=[(i,j) for i,row in enumerate(g) for j,v in enumerate(row) if v==a]
    B=[(i,j) for i,row in enumerate(g) for j,v in enumerate(row) if v==b]
    # the color whose cluster has the stronger diagonal core is the pivot
    if f(A)>f(B):
        P,c=B,a
    else:
        P,c=A,s=b=a and a  # pivot P, stamp color c
    # but above line has a typo -- fix:
    if f(A)>f(B):
        P=A; s=b
    else:
        P=B; s=a
    # positions to stamp (we detect the source cluster as the other color)
    S=[(i,j) for i,row in enumerate(g) for j,v in enumerate(row) if v==s]
    # all 8 directions
    D8=[(-1,-1),(-1,0),(-1,1),(0,-1),(0,1),(1,-1),(1,0),(1,1)]
    # choose reference source cell with max 8‐dir neighbors
    ref=max(S, key=lambda p:sum((p[0]+di,p[1]+dj) in S for di,dj in D8))
    # compute offsets of every source cell from ref
    ofs=[(i-ref[0], j-ref[1]) for i,j in S]
    # stamp at every pivot location
    for x,y in P:
        for dx,dy in ofs:
            g[x+dx][y+dy]=s
    return g
```