Here is a very short “code‐golf”‐style Python solution.  It discovers the thick “frame‐color” lines, splits the grid into little blocks, finds all 2×2 sub‐blocks of a non‐frame color, and then “connects” any two occurrences of the same color either horizontally or vertically by filling in every intervening block with that color:

```python
def p(g):
    h,w=len(g),len(g[0])
    # find frame‐color f by spotting a row with >w/2 of one color
    for R in g:
        for f in set(R):
            if R.count(f)>w/2: break
     else
        break
    # stripe‐rows and stripe‐cols
    sr=[i for i in range(h) if g[i].count(f)>w/2]
    sc=[j for j in range(w) if sum(g[i][j]==f for i in range(h))>h/2]
    br=[-1]+sr+[h]; bc=[-1]+sc+[w]
    from collections import defaultdict
    D=defaultdict(list)
    # collect block‐coordinates of each 2×2 sub‐block color
    for i,R in enumerate(g):
        if i in sr: continue
        r=sum(i>k for k in sr)
        for j,v in enumerate(R):
            if j in sc or v in (0,f): continue
            c=sum(j>k for k in sc)
            D[("h",v,r)].append(c)
            D[("v",v,c)].append(r)
    # connect same‐color blocks horizontally or vertically
    for (t,v,a),ls in D.items():
        b,e=min(ls),max(ls)
        if t=="h":
            for c in range(b,e+1):
                for ii in range(br[a]+1,br[a+1]):
                    for jj in range(bc[c]+1,bc[c+1]):
                        g[ii][jj]=v
        else:
            for r in range(b,e+1):
                for ii in range(br[r]+1,br[r+1]):
                    for jj in range(bc[a]+1,bc[a+1]):
                        g[ii][jj]=v
    return g
```

Explanation of the key steps:

1. **Find the frame color `f`** by locating any row in which one color occupies more than half the cells (that must be the thick frame lines).  
2. **Identify the “stripe” rows and columns** (`sr` and `sc`) where `f` appears in a majority—these are the separators between the little 2×2 blocks.  
3. **Build two maps** (in one dictionary `D` with keys `("h",v,r)` and `("v",v,c)`) that collect the block‐column indices `c` for each colored block in block‐row `r`, and the block‐row indices `r` for each colored block in block‐column `c`.  
4. **For each color and each horizontal key ("h",v,r),** fill all blocks between the leftmost and rightmost occurrences in that block‐row.  Likewise for each vertical key.  

This reproduces exactly the examples given.