Here’s a very short “code‐golf”‐style solution (using only one import and no unnecessary line‐breaks), with all variables prefixed by `val_` as requested:

```python
def p(val_g):
    from itertools import chain
    val_R,val_C=len(val_g),len(val_g[0])
    val_f=list(chain.from_iterable(val_g))
    val_s=max(set(val_f),key=val_f.count)
    val_P=[(i,j)for i in range(val_R)for j in range(val_C)if val_g[i][j]==val_s]
    val_mnr,minc=min(r for r,_ in val_P),min(c for _,c in val_P)
    val_D=[(r-val_mnr,c-minc)for r,c in val_P]
    val_cs=sorted({x for x in val_f if x and x!=val_s})
    val_m={v:i for i,v in enumerate(val_cs)}
    val_h,val_w=max(r for r,_ in val_D)+1,max(c for _,c in val_D)+1
    val_O=[[0]*(len(val_cs)*val_w)for _ in range(val_R*val_h)]
    for i in range(val_R):
        for j,v in enumerate(val_g[i]):
            if v in val_m:
                M=val_m[v];B=i*val_h;Cj=M*val_w
                for dr,dc in val_D: val_O[B+dr][Cj+dc]=v
    return val_O
```

Explanation of the key steps:

1. **Find the “stamp” color** `val_s`:  the color occurring most often (that defines the shape).  
2. **Extract its shape mask** `val_D`:  all `(r,c)` positions of that color in the input, shifted so that the top‐left of its bounding box is `(0,0)`.  
3. **Collect all other colors** `val_cs` (excluding `0` and the stamp color), sort them, and make an index map `val_m`.  
4. **Build an output canvas** large enough to tile one “stamp” block of size `(val_h,val_w)` for each input row and each non‐stamp color.  
5. **For each input cell** of non‐stamp color `v` at `(i,j)`, compute the block’s top‐left in the output as `(i*val_h, val_m[v]*val_w)` and paint the stamp shape there with color `v`.  

This reproduces exactly the examples given.