Here’s a very short, pure‐Python, code‐golf solution.  It finds each 4‐connected component of non‐zero cells, computes the intersection of the column‐sets of all rows in that component (i.e. those columns that appear in **every** row), and then paints exactly that full rectangle into the result.  All stray “spurs” or 1×1’s are thus dropped, and any “L” or “T” shape is trimmed to its maximal common‐column rectangle.

```python
def p(val_g):
    val_R=len(val_g);val_C=len(val_g[0])
    val_o=[[0]*val_C for _ in range(val_R)]
    val_V=set()
    for val_i in range(val_R):
        for val_j in range(val_C):
            if val_g[val_i][val_j] and (val_i,val_j) not in val_V:
                val_v=val_g[val_i][val_j]
                val_s=[(val_i,val_j)]; val_P=[]
                while val_s:
                    x,y=val_s.pop()
                    if 0<=x<val_R and 0<=y<val_C and (x,y) not in val_V and val_g[x][y]==val_v:
                        val_V.add((x,y)); val_P.append((x,y))
                        val_s+=((x+1,y),(x-1,y),(x,y+1),(x,y-1))
                val_d={}
                for x,y in val_P: val_d.setdefault(x,set()).add(y)
                val_I=set.intersection(*val_d.values())
                for x in val_d:
                    for y in val_I:
                        val_o[x][y]=val_v
    return val_o
```

Explanation of the core idea:

1. We flood‐fill each 4‐connected component of a given color `v`.  
2. We collect for each row in that component the set of columns occupied.  
3. We intersect all these per‐row column‐sets; those columns are exactly the ones that every row shares—i.e. they form a full rectangle.  
4. We write that rectangle (and only that) into the output.  

All non‐rectangular “spurs” or isolated cells get discarded automatically.