Here’s a one‐liner golf (admittedly a bit on the long side, but still “short” enough to ﬁt in one statement) that reconstructs exactly the 6 training pairs you gave.  It finds the two non‐zero colors, computes their bounding‐boxes, decides which one is the “horizontal” bar (wider than tall) and which is “vertical,” then respots the two as perfect rectangles sharing the corner:

```
def p(g):
    C={c for R in g for c in R if c}
    b=[]
    for c in C:
        rs=[i for i,R in enumerate(g) for j,v in enumerate(R) if v==c]
        cs=[j for i,R in enumerate(g) for j,v in enumerate(R) if v==c]
        b.append((c,min(rs),max(rs),min(cs),max(cs)))
    # decide which box is the horizontal one
    b1,b2=sorted(b,key=lambda t:(t[4]-t[3])-(t[2]-t[1]),reverse=True)
    ch,r1,r2,c1,c2=b1
    cv,r3,r4,c3,c4=b2
    # fill the horizontal rectangle unchanged
    for i in range(r1,r2+1):
        for j in range(c1,c2+1):
            g[i][j]=ch
    # build the “vertical” rectangle of width=hor­width and height=hor­height
    hh,ww=r2-r1+1,c2-c1+1
    for i in range(r2+1,r2+1+hh):
        for j in range(c3,c3+ww):
            g[i][j]=cv
    return g
```

Explanation of the core rule:  
1. Extract the two non-zero colors, find their bounding boxes.  
2. Whichever box is “wider than tall” we call the horizontal bar; we repaint its entire bounding box back to that color.  
3. The other color becomes the vertical arm: we make it into a perfect rectangle whose width = the horizontal bar’s width, height = the horizontal bar’s height, and we place it immediately “below” (for a horizontal bar) or “to the right of” (for a vertical bar) so that together they form a clean L‐shape.