Here’s a fully‐working Python “golf”‐style solution.  It finds the big solid rectangle color (second most‐frequent), the scattered point color (third most), computes the rectangle’s bounding box, then for each point that shares a row or column with that box it draws the straight line between them in that point‐color.

```python
def p(val_g):
    val_d={}
    for val_rw in val_g:
        for val_v in val_rw:
            val_d[val_v]=val_d.get(val_v,0)+1
    val_o=sorted(val_d,key=val_d.get,reverse=1)
    val_r,val_p=val_o[1],val_o[2]
    val_z=[(val_i,val_j)
           for val_i,val_rw in enumerate(val_g)
           for val_j,val_v in enumerate(val_rw)
           if val_v==val_r]
    val_r0=min(val_i for val_i,val_j in val_z)
    val_r1=max(val_i for val_i,val_j in val_z)
    val_c0=min(val_j for val_i,val_j in val_z)
    val_c1=max(val_j for val_i,val_j in val_z)
    for val_i,val_rw in enumerate(val_g):
        for val_j,val_v in enumerate(val_rw):
            if val_v==val_p:
                if val_r0<=val_i<=val_r1:
                    for val_jj in range(min(val_j,val_c0),max(val_j,val_c1)+1):
                        val_g[val_i][val_jj]=val_p
                if val_c0<=val_j<=val_c1:
                    for val_ii in range(min(val_i,val_r0),max(val_i,val_r1)+1):
                        val_g[val_ii][val_j]=val_p
    return val_g
```

Explanation of the key steps:

1. **Count frequencies** of each color ⇒ background (most), rectangle (2nd), points (3rd).  
2. **Locate** the bounding box of the rectangle color (`val_r`).  
3. **Find** each point of the scattered color (`val_p`) and if it lines up  
   - **horizontally** (same row as the rectangle), draw a horizontal segment from the point to the nearest rectangle edge,  
   - **vertically** (same column), draw a vertical segment likewise.  
4. **Return** the mutated grid.