Here’s a short “code‐golf”–style solution following your naming conventions. It finds the largest 4‐connected component of 2’s, erases it, then shifts it so its bottom row lands one row below the bottommost 1 in the grid, stamping only into 0‐cells:

```python
def p(val_g):
 val_h=len(val_g)
 val_w=len(val_g[0])
 val_seen=[[0]*val_w for _ in range(val_h)]
 val_best=[]
 for val_i in range(val_h):
  for val_j in range(val_w):
   if val_g[val_i][val_j]==2 and not val_seen[val_i][val_j]:
    val_cl=[(val_i,val_j)];val_seen[val_i][val_j]=1;val_Q=[(val_i,val_j)]
    while val_Q:
     val_x,val_y=val_Q.pop()
     for val_dx,val_dy in((1,0),(-1,0),(0,1),(0,-1)):
      val_nx,val_ny=val_x+val_dx,val_y+val_dy
      if 0<=val_nx<val_h and 0<=val_ny<val_w and val_g[val_nx][val_ny]==2 and not val_seen[val_nx][val_ny]:
       val_seen[val_nx][val_ny]=1;val_Q.append((val_nx,val_ny));val_cl.append((val_nx,val_ny))
    if len(val_cl)>len(val_best):val_best=val_cl
 val_S=max(i for i,row in enumerate(val_g) if 1 in row)
 val_rs=max(i for i,_ in val_best)
 val_dr=val_S+1-val_rs
 for val_i,val_j in val_best:val_g[val_i][val_j]=0
 for val_i,val_j in val_best:
  if val_g[val_i+val_dr][val_j]==0:val_g[val_i+val_dr][val_j]=2
 return val_g
```

Explanation (brief):  
1. Scan for all 2‐cells, flood‐fill each unseen component, and keep the biggest in `val_best`.  
2. Find the bottommost 1‐row (`val_S`) and the bottom of the chosen 2‐component (`val_rs`), compute the shift `val_dr = val_S+1-val_rs`.  
3. Erase the original 2’s, then “stamp” the component shifted by `val_dr` downward, only onto 0‐cells.