Here’s a <77‐byte> “code‐golf” solution that picks off the one “intruder” pixel of the inner color on the frame, then shoots rays in the four cardinal directions, skipping over the frame itself and painting all the zeros it finds:

```
def p(g):
 h,w=len(g),len(g[0]);d={}
 for r in g:
  for v in r:
   if v:d[v]=d.get(v,0)+1
 k=sorted(d,key=d.get);F,I=k[-1],k[-2]
 for y in range(h):
  for x in range(w):
   if g[y][x]==I:
    c=0
    for dy,dx in((1,0),(-1,0),(0,1),(0,-1)):
     try:
      if g[y+dy][x+dx]==I:c+=1
     except:pass
    if c-1:continue
    for dy,dx in((1,0),(-1,0),(0,1),(0,-1)):
     s=1
     while 1:
      try:w=g[y+dy*s][x+dx*s]
      except:break
      if w==F:s+=1
      elif w==0:g[y+dy*s][x+dx*s]=I;s+=1
      else:break
 return g
```

Explanation of the key steps:

1. Count all non‐zero colors and let `F` be the most common (the frame), `I` the next (the interior fill).  
2. Find the single “intruder” pixel of color `I` on the frame by looking for an `I` cell that has exactly one like‐colored neighbor (all the other interior pixels have two or more).  
3. From that intruder, cast a ray in each of the 4 directions.  Skip over any cells equal to `F` (the frame) and then paint every `0` you encounter into `I`.  
4. Return the modified grid.