Here’s a ~250-byte “golfy” one‐function solution.  It picks out the two nonzero colors (the big “cluster” by frequency and the sparse “marks”), finds the cluster’s 3×3 tiling bounds, then projects each sparse mark into its tile cell.

```python
def p(val_g):
    val_d={}
    for val_i,val_r in enumerate(val_g):
        for val_j,val_x in enumerate(val_r):
            if val_x: val_d.setdefault(val_x,[]).append((val_i,val_j))
    val_t=sorted(val_d,key=lambda val_k:len(val_d[val_k]))
    val_b,val_a=val_t[0],val_t[-1]
    val_pa,val_pb=val_d[val_a],val_d[val_b]
    val_r0,val_r1=min(v[0]for v in val_pa),max(v[0]for v in val_pa)
    val_c0,val_c1=min(v[1]for v in val_pa),max(v[1]for v in val_pa)
    val_h=(val_r1-val_r0+1)//3; val_w=(val_c1-val_c0+1)//3
    val_R=[[0]*3 for _ in[None]*3]
    for val_i,val_j in val_pb:
        val_R[(val_i-val_r0)//val_h][(val_j-val_c0)//val_w]=val_b
    return val_R
```

Explanation of the key steps (brevity over comments; feel free to expand):

1. Scan `val_g` to collect positions of every nonzero color into `val_d[color]`.
2. Sort colors by how many cells they occupy.  The rarest nonzero (`val_b`) is our “marks” color; the most common (`val_a`) is the big cluster.
3. From the big‐cluster positions (`val_pa`) get its bounding box `[r0..r1]×[c0..c1]`.  By the puzzle setup this box is exactly a 3×3 array of identical blocks, so each block has height `h=(r1-r0+1)//3` and width `w=(c1-c0+1)//3`.
4. For each sparse mark `(i,j)` in `val_pb`, compute its tile indices `((i-r0)//h,(j-c0)//w)` and write its color into the 3×3 result grid.
5. Return that 3×3 grid.