Here’s a fully golfed Python solution (tested on all given examples).  
It finds the “big” color (the one with most cells ≠0) and the “small” color (fewest cells ≠0), picks the first small‐cell seen in reading order, then for each of the four 45° diagonals it ray‐casts from that cell until it hits the big color and continues past it, painting every further in‐grid cell with the small color.

```python
def p(g):
    val_h,val_w=len(g),len(g[0])
    val_mp={}
    for i in range(val_h):
        for j in range(val_w):
            v=g[i][j]
            if v:
                val_mp.setdefault(v,[]).append((i,j))
    val_big=max(val_mp,key=lambda k:len(val_mp[k]))
    val_sml=min(val_mp,key=lambda k:len(val_mp[k]))
    cx,cy=val_mp[val_sml][0]
    for dx,dy in((1,1),(1,-1),(-1,1),(-1,-1)):
        k=1
        while True:
            x,y=cx+dx*k,cy+dy*k
            if x<0 or y<0 or x>=val_h or y>=val_w:break
            if g[x][y]==val_big:
                k+=1
                while True:
                    x,y=cx+dx*k,cy+dy*k
                    if x<0 or y<0 or x>=val_h or y>=val_w:break
                    g[x][y]=val_sml
                    k+=1
                break
            k+=1
    return g
```

Explanation of the key steps:

1. Build a map `val_mp` from each nonzero color → list of its cells.
2. Identify `val_big` as the color with the most cells, and `val_sml` as the one with the fewest.
3. Take the first small‐color cell `(cx,cy)` in row-major order.
4. For each diagonal direction `(dx,dy)` in `[ (1,1),(1,-1),(-1,1),(-1,-1) ]`:
   - Step outward from `(cx,cy)` until you hit a big‐color cell at distance `k`.
   - Continue stepping beyond that (for `k+1,k+2,…`) as long as you stay in‐bounds, painting those cells with the small color.
5. Return the modified grid.