Here is a very short “code‐golfy” solution following your naming conventions and filling each zero‐block by tiling the one complete block found:

```python
def p(val_g):
    val_m=len(val_g);_=0
    for val_d in range(1,val_m+1):
        if val_m%val_d: continue
        for val_a in range(val_m//val_d):
            for val_b in range(val_m//val_d):
                if all(val_g[val_a*val_d+val_k][val_b*val_d+val_l]
                       for val_k in range(val_d)
                       for val_l in range(val_d)):
                    val_t=[r[val_b*val_d:val_b*val_d+val_d]
                           for r in val_g[val_a*val_d:val_a*val_d+val_d]]
                    _=1
                    break
            if _: break
        if _: break
    for val_i in range(val_m):
        for val_j in range(val_m):
            if not val_g[val_i][val_j]:
                val_g[val_i][val_j]=val_t[val_i%val_d][val_j%val_d]
    return val_g
```

Explanation of the core idea:

1. Compute all divisors `val_d` of the grid size `val_m` and look for a `val_d×val_d` tile that has **no** zeros.  
2. Extract that full tile into `val_t`.  
3. Go over every zero cell in `val_g` and replace it by the corresponding position in `val_t`, using `mod val_d` to tile it across the whole grid.  
4. Return the now‐filled grid.