Here’s a fully‐working golfed solution using only one full scan to collect each color’s bounding box, then picking the sub‐grid whose rows are all palindromes (and, in a tie, the largest box).  All locals except `_` start with `val_` as requested:

```
def p(g):
 val_d={}
 for val_i,val_row in enumerate(g):
  for val_j,val_v in enumerate(val_row):
   if val_v:
    val_u=val_d.get(val_v)
    if val_u:
     if val_i<val_u[0]:val_u[0]=val_i
     if val_i>val_u[1]:val_u[1]=val_i
     if val_j<val_u[2]:val_u[2]=val_j
     if val_j>val_u[3]:val_u[3]=val_j
    else:val_d[val_v]=[val_i,val_i,val_j,val_j]
 val_a=(0,[])
 for val_k,(val_r0,val_r1,val_c0,val_c1) in val_d.items():
  val_m=[val_row[val_c0:val_c1+1]for val_row in g[val_r0:val_r1+1]]
  if all(val_row==val_row[::-1]for val_row in val_m)and(val_r1-val_r0+1)*(val_c1-val_c0+1)>val_a[0]:
   val_a=((val_r1-val_r0+1)*(val_c1-val_c0+1),val_m)
 return val_a[1]
```