Here is a very short “code‐golf” Python solution.  It keeps exactly those 4‐connected components whose bounding‐box is completely filled (i.e. a solid rectangle) of size at least 2×2, and drops all other pixels.  Variable names except `_` all have the required `val_` prefix:

```
def p(g):
 val_o=[[0]*len(g[0])for _ in g];val_H,val_W=len(g),len(g[0])
 for val_y in range(val_H):
  for val_x in range(val_W):
   val_c=g[val_y][val_x]
   if val_c and (val_y<1 or g[val_y-1][val_x]!=val_c) and (val_x<1 or g[val_y][val_x-1]!=val_c):
    val_w=1
    while val_x+val_w<val_W and g[val_y][val_x+val_w]==val_c:val_w+=1
    val_h=1
    while val_y+val_h<val_H and g[val_y+val_h][val_x]==val_c:val_h+=1
    if val_w>1 and val_h>1 and all(g[val_y+i][val_x+j]==val_c for i in range(val_h) for j in range(val_w)):
     for i in range(val_h):
      for j in range(val_w):val_o[val_y+i][val_x+j]=val_c
 return val_o
```

Explanation of the key steps:

1. We scan every cell `(val_y,val_x)` in the grid `g`.  
2. We pick it as a **top‐left corner** of a candidate rectangle exactly when it has color `val_c>0` and there is no same‐color pixel directly above or left.  
3. From that corner we grow `val_w` to the right and `val_h` downward as far as the same color continues.  
4. If both `val_w` and `val_h` exceed 1 (so at least a 2×2) and **all** cells in that `val_h×val_w` box are indeed `val_c`, we copy that whole rectangle into our output `val_o`.  
5. Everything else remains `0`.