Here’s a fully generic flood‐fill solution in golfed form which finds all 0‐cells reachable from the border, marks them, then fills any remaining 0’s (the “hole”) with 3 and restores the border zeros.  All locals (except the implicit `_` in the list comprehensions) are prefixed `val_` as requested:

```
def p(g):
 val_h,val_w=len(g),len(g[0])
 val_s=[(i,j)for i in(0,val_h-1)for j in range(val_w)if g[i][j]==0]+[(i,j)for i in range(val_h)for j in(0,val_w-1)if g[i][j]==0]
 while val_s:
  y,x=val_s.pop()
  if g[y][x]==0:
   g[y][x]=-1
   if y:val_s+=[(y-1,x)]
   if y<val_h-1:val_s+=[(y+1,x)]
   if x:val_s+=[(y,x-1)]
   if x<val_w-1:val_s+=[(y,x+1)]
 for y in range(val_h):
  for x in range(val_w):
   if g[y][x]==0:g[y][x]=3
   elif g[y][x]<0:g[y][x]=0
 return g
```

Explanation of the key steps:

1. **Border seed**: collect all zero‐cells on the grid’s outer boundary into `val_s`.
2. **Flood fill**: pop from `val_s`, mark reached 0’s as `-1` (background), and push their 4‐neighbors if also 0.
3. **Final sweep**:
   - any remaining `0` is an enclosed hole ⇒ paint it `3`,
   - any `-1` is a background zero ⇒ restore to `0`.
4. Return the modified grid.