Here’s a compact solution in “code‐golf” style.  It finds the uniquely large (central) shape, crops it out, then pastes the four length‐lines around it in the appropriate compass positions:

```python
def p(val_g):
    val_d={}
    for val_i,val_row in enumerate(val_g):
        for val_j,val_v in enumerate(val_row):
            if val_v: val_d.setdefault(val_v,[]).append((val_i,val_j))
    val_C=max(val_d,key=lambda k:len(val_d[k]))
    val_L0=val_d[val_C]
    val_y0,val_y1=min(y for y,x in val_L0),max(y for y,x in val_L0)
    val_x0,val_x1=min(x for y,x in val_L0),max(x for y,x in val_L0)
    val_h,val_w=val_y1-val_y0+1,val_x1-val_x0+1
    val_A=[[0]*(val_w+2) for _ in range(val_h+2)]
    for y,x in val_L0:
        val_A[y-val_y0+1][x-val_x0+1]=val_C
    for val_v,val_L in val_d.items():
        if val_v==val_C: continue
        y,x=val_L[0]
        if len(val_L)>1 and y==val_L[1][0]:
            (val_T if y<val_y0 else val_B)=val_v
        else:
            (val_Lt if x<val_x0 else val_Rt)=val_v
    val_A[0]    =[0]+[val_T]*val_w+[0]
    val_A[-1]   =[0]+[val_B]*val_w+[0]
    for i in range(1,val_h+1):
        val_A[i][0]=val_Lt
        val_A[i][-1]=val_Rt
    return val_A
```

Explanation of the key steps:

1. **Collect** all non‐zero cells by color into `val_d`.
2. **Identify** the central shape as the color `val_C` having the largest count.
3. Compute its **bounding box** `(val_y0..val_y1, val_x0..val_x1)` and **height/width**.
4. **Crop** it into a fresh zero‐padded grid `val_A` of size `(h+2)x(w+2)` at offset `(1,1)`.
5. **Classify** each of the remaining four shapes (they are straight lines):
   - Lines with constant row → horizontal; above → top (`val_T`), below → bottom (`val_B`).
   - Lines with constant column → vertical; left → (`val_Lt`), right → (`val_Rt`).
6. **Stencil** them along the new grid’s outer rows/columns.
7. **Return** the assembled grid.