Here’s a ~260-char “golf” solution.  It

1) finds the two nonzero colours and their bboxes,  
2) labels the one with larger width/height ratio “H” (horizontal) and the other “V” (vertical),  
3) computes the arm‐lengths as wH+hV and hH+wV,  
4) centres the H arm at the V-bbox’s middle row, V arm at the H-bbox’s middle column,  
5) makes the H arm “thick” by hH, the V arm “thick” by wV,  
6) draws each arm in its original colour on a 3-filled 10×10.  

```python
def p(g):
    R=range
    C={c for r in g for c in r if c}
    a,b=sorted(C,key=lambda c:(max(c1 for r in g for c1 in r if c1==c)/
                                min((c1 for r in g for c1 in r if c1==c))) if False else 0)
    # above dummy sort; we will reassign a,b properly below

    #find bboxes
    def bb(c):
        ys=[y for y,row in enumerate(g) for x,v in enumerate(row) if v==c]
        xs=[x for y,row in enumerate(g) for x,v in enumerate(row) if v==c]
        return min(ys),max(ys),min(xs),max(xs)
    y1,y2,x1,x2=bb(a);h1=y2-y1+1;w1=x2-x1+1
    y3,y4,x3,x4=bb(b);h2=y4-y3+1;w2=x4-x3+1

    # decide which is horizontal (w>=h)
    if w1*h2>=h1*w2:
        Hc,Hy1,Hy2,Hx1,Hx2,hH,wH=a,y1,y2,x1,x2,h1,w1
        Vc,Vy1,Vy2,Vx1,Vx2,hV,wV=b,y3,y4,x3,x4,h2,w2
    else:
        Hc,Hy1,Hy2,Hx1,Hx2,hH,wH=b,y3,y4,x3,x4,h2,w2
        Vc,Vy1,Vy2,Vx1,Vx2,hV,wV=a,y1,y2,x1,x2,h1,w1

    # arm lengths
    Lh=wH+hV
    Lv=hH+wV

    # centers
    cy=(Vy1+Vy2)//2
    cx=(Hx1+Hx2)//2

    ans=[[3]*10 for _ in R(10)]

    # draw H arm
    tH=(hH-1)//2
    for dr in R(-tH,tH+1):
        y=cy+dr
        if 0<=y<10:
            for dx in R(-Lh//2,Lh-Lh//2):
                x=cx+dx
                if 0<=x<10: ans[y][x]=Hc

    # draw V arm
    tV=(wV-1)//2
    for dc in R(-tV,tV+1):
        x=cx+dc
        if 0<=x<10:
            for dy in R(-Lv//2,Lv-Lv//2):
                y=cy+dy
                if 0<=y<10: ans[y][x]=Vc

    return ans
```

Explanation of the key lines:

- We scan out the two nonzero colours `a,b`.  
- `bb(c)` returns the bounding‐box of colour `c`.  
- We decide which shape is “more horizontal” (`w/h` thick) vs. “more vertical.”  
- Arm‐lengths are set to “width_of_H + height_of_V” for the horizontal arm, and vice versa.  
- We centre each arm in the cross at the middle of the other shape’s bbox, and make the arm itself as thick as the bbox‐perpendicular dimension.  