Here’s a very short “golfed” Python solution.  It finds all non‐zero clusters by color, detects which cluster is the true “diamond” (its bounding‐box center is filled), and then rotates that diamond 90°,180°,270° about the grid center, painting in the missing copies:

```python
def p(g):
 val_h,len(g)
 val_w,len(g[0])
 val_c0=(val_h-1)/2;val_c1=(val_w-1)/2
 val_d={}
 for i in range(val_h):
  for j in range(val_w):
   if g[i][j]:val_d.setdefault(g[i][j],[]).append((i,j))
 for k,val_v in val_d.items():
  xs=[x for x,_ in val_v];ys=[y for _,y in val_v]
  x0,x1=min(xs),max(xs);y0,y1=min(ys),max(ys)
  cx,cy=(x0+x1)//2,(y0+y1)//2
  if g[cx][cy]==k:
   for i,j in val_v:
    di=i-val_c0;dj=j-val_c1
    for a,b in((-dj,di),(-di,-dj),(dj,-di)):
      g[int(val_c0+a)][int(val_c1+b)]=k
 return g
```

Explanation of the core steps:

1. We record all non‐zero cells in a dict `val_d[col] = [(i,j),…]`.
2. For each color `k`, we compute its bounding‐box min/max and check whether the box‐center `(cx,cy)` is itself of color `k`.  Only the “diamond” has its center filled; X‐shapes do not.
3. For that diamond‐cluster we compute offsets `di,dj` from the grid center `(val_c0,val_c1)` and then apply the three non‐trivial rotations  
   (90°,180°,270°)  
   by mapping `(di,dj)`→`(-dj,di)`, `(-di,-dj)`, `(dj,-di)`.  
4. We paint those new positions back into `g`.  

This reproduces exactly the examples: the “X”–shapes are left alone, the one true diamond is mirrored into the other three quadrants.