Here’s a very short “spiral‐fill” solution.  It treats 8’s as walls, flood‐fills all 0’s reachable from the grid border with a temporary mark (−1), then turns the remaining 0’s (the true “interior”) into 2’s and restores the outside marks to 0.  All variable names (other than the dummy “_”) are prefixed with `val_` as requested:

```
def p(val_g):
    val_h,val_w=len(val_g),len(val_g[0])
    val_s=[(val_i,val_j)
           for val_i in range(val_h)
           for val_j in range(val_w)
           if val_i*val_j*(val_h-1-val_i)*(val_w-1-val_j)==0
           and val_g[val_i][val_j]==0]
    while val_s:
        val_i,val_j=val_s.pop()
        if val_g[val_i][val_j]==0:
            val_g[val_i][val_j]=-1
            val_s+=((val_i+1,val_j),(val_i-1,val_j),
                    (val_i,val_j+1),(val_i,val_j-1))
    for val_i in range(val_h):
        for val_j in range(val_w):
            if   val_g[val_i][val_j]==0:  val_g[val_i][val_j]=2
            elif val_g[val_i][val_j]<0:   val_g[val_i][val_j]=0
    return val_g
```

Explanation in brief:

1.  `val_s` collects all 0‐cells on the border.  
2.  We pop from `val_s` and if the cell is still 0 we mark it `-1` (outside) and push its four neighbours.  
3.  After that flood‐fill, any remaining 0 is an “interior” 0 → we set it to 2.  
4.  Any `-1` we revert back to 0.