Here’s a very short “code‐golf–style” Python solution that works for all your examples.  It finds the single hollow‐shape color `C`, “closes” its one missing border cell(s) to make a proper loop, flood‐fills from the outside to mark the outside zeros, and finally paints every zero that was not reached (i.e. the interior and the “cap” over the gap) with 4.  All local names except `_` are prefixed with `val_` as requested:

```python
def p(g):
    val_C=next(v for r in g for v in r if v and v!=4)
    val_ps=[(i,j) for i,r in enumerate(g) for j,v in enumerate(r) if v==val_C]
    val_mnR=min(i for i,_ in val_ps); val_mxR=max(i for i,_ in val_ps)
    val_mnC=min(j for _,j in val_ps); val_mxC=max(j for _,j in val_ps)
    R,C=len(g),len(g[0])
    val_h=[r[:]for r in g]
    # close any gap on the bounding rectangle
    for j in range(val_mnC,val_mxC+1):
        if not val_h[val_mnR][j]: val_h[val_mnR][j]=val_C
        if not val_h[val_mxR][j]: val_h[val_mxR][j]=val_C
    for i in range(val_mnR,val_mxR+1):
        if not val_h[i][val_mnC]: val_h[i][val_mnC]=val_C
        if not val_h[i][val_mxC]: val_h[i][val_mxC]=val_C
    # flood‐fill zeros from the outside
    val_vis=set()
    val_q=[(i,j) for i in (0,R-1) for j in range(C) if not val_h[i][j]] \
        +[(i,j) for j in (0,C-1) for i in range(R) if not val_h[i][j]]
    for i,j in val_q:
        if (i,j) in val_vis: continue
        val_vis.add((i,j))
        for di,dj in ((1,0),(-1,0),(0,1),(0,-1)):
            ni,nj=i+di,j+dj
            if 0<=ni<R and 0<=nj<C and (ni,nj) not in val_vis and not val_h[ni][nj]:
                val_q.append((ni,nj))
    # any zero not reached is interior → paint 4
    for i in range(R):
        for j in range(C):
            if g[i][j]==0 and (i,j) not in val_vis:
                g[i][j]=4
    return g
```

Explanation of the key steps:

1. **Detect the shape color** `C` (the single non‐zero, non‐4 color).
2. **Compute its bounding rectangle** (min/max row/col of all C‐cells).
3. **“Close” the shape’s one missing border cell**(s) on that rectangle (paint them into `val_h` as if they were C) so that the shape becomes a proper loop.
4. **Flood‐fill** all zeros reachable from the outside of the grid (treating `val_h!=0` as walls).
5. **Any zero not reached** by that flood‐fill is strictly “inside” the closed loop (including the triangular “cap” at the original gap) so we paint those with 4.

This handles all eight of your examples in one unified pass.