A minimal Python solution that simply finds the horizontal‐bounding box of all non‐zero pixels, computes its “mirror‐axis” as the sum of its left and right x–bounds, and then for every nonzero cell at (i,j) writes the same value into its horizontal mirror (i, a+b−j) if that spot is still zero:

```python
def p(val_g):
    val_a,len_g0,len_g1=len(val_g[0]),0,0
    val_a,val_b=len(val_g[0]),0
    for val_r in val_g:
        for val_j,val_v in enumerate(val_r):
            if val_v:
                val_a=min(val_a,val_j);val_b=max(val_b,val_j)
    val_m=val_a+val_b
    for val_i,val_r in enumerate(val_g):
        for val_j,val_v in enumerate(val_r):
            if val_v and not val_g[val_i][val_m-val_j]:
                val_g[val_i][val_m-val_j]=val_v
    return val_g
```

Explanation of key steps:

1. Scan once to determine the smallest and largest x–indices (`val_a,val_b`) of any nonzero cell.
2. Compute the “mirror” index sum `val_m = val_a + val_b`.
3. Re‐scan all nonzero cells (i,j) and write their value into position (i, val_m−j) if it is still zero.
4. Return the mutated grid.