Here’s a very short Python function that finds the “fat” rectangular border of a single colour (the two identical long horizontal runs), and returns the interior sub‐grid:

```python
def p(g):
 d={};m=0
 for i,r in enumerate(g):
  j=0
  while j<len(r):
   k=j+1
   while k<len(r)and r[k]==r[j]:k+=1
   if k-j>1:d.setdefault((j,k),[]).append(i)
   j=k
 for(j,k),rs in d.items():
  if len(rs)==2 and k-j>m:
   m,k0,j0,A,B=k-j,k,j,*sorted(rs)
 return [row[j0+1:k0-1]for row in g[A+1:B]]
```

Explanation in brief:

1.  We scan each row for runs of the same value of length >1, recording their start/end columns `(j,k)` and the row index.
2.  We pick the run‐shape `(j,k)` that occurs in exactly two rows (the horizontal borders) and is the longest.
3.  If those two runs are in rows `A` and `B`, then the interior is rows `A+1..B-1` and columns `j+1..k-2`. We slice and return that block.